<?xml version="1.0" encoding="UTF-8"?>
<!-- Generated by org.testng.reporters.JUnitXMLReporter -->
<testsuite ignored="0" hostname="QT-INNO-MAC00157.local" failures="0" tests="3" name="Default test" time="6.316" errors="0" timestamp="16 Apr 2022 19:25:23 GMT">
  <testcase classname="petStoreTest.DataDrivenApproach" name="getAPIpetStatus" time="2.609"/>
  <testcase classname="petStoreTest.DataDrivenApproach" name="getAPIpetStatus" time="1.483"/>
  <testcase classname="petStoreTest.DataDrivenApproach" name="getAPIpetStatus" time="1.392"/>
</testsuite> <!-- Default test -->
