<?xml version="1.0" encoding="UTF-8"?>
<testng-results ignored="0" total="1" passed="1" failed="0" skipped="0">
  <reporter-output>
  </reporter-output>
  <suite started-at="2022-02-24T16:58:56Z" name="Default suite" finished-at="2022-02-24T16:59:02Z" duration-ms="5964">
    <groups>
    </groups>
    <test started-at="2022-02-24T16:58:56Z" name="Default test" finished-at="2022-02-24T16:59:02Z" duration-ms="5964">
      <class name="Automation.RestAssured.validateMe">
        <test-method signature="Login()[pri:0, instance:Automation.RestAssured.validateMe@258d79be]" started-at="2022-02-24T16:58:56Z" name="Login" finished-at="2022-02-24T16:59:02Z" duration-ms="5945" status="PASS">
          <reporter-output>
          </reporter-output>
        </test-method> <!-- Login -->
      </class> <!-- Automation.RestAssured.validateMe -->
    </test> <!-- Default test -->
  </suite> <!-- Default suite -->
</testng-results>
