<?xml version="1.0" encoding="UTF-8"?>
<testng-results ignored="0" total="3" passed="3" failed="0" skipped="0">
  <reporter-output>
  </reporter-output>
  <suite started-at="2022-04-16T19:25:12Z" name="Default suite" finished-at="2022-04-16T19:25:18Z" duration-ms="6316">
    <groups>
    </groups>
    <test started-at="2022-04-16T19:25:12Z" name="Default test" finished-at="2022-04-16T19:25:18Z" duration-ms="6316">
      <class name="petStoreTest.DataDrivenApproach">
        <test-method is-config="true" signature="setup()[pri:0, instance:petStoreTest.DataDrivenApproach@563e4951]" started-at="2022-04-16T19:25:12Z" name="setup" finished-at="2022-04-16T19:25:13Z" duration-ms="810" status="PASS">
          <reporter-output>
          </reporter-output>
        </test-method> <!-- setup -->
        <test-method signature="getAPIpetStatus(java.lang.String)[pri:0, instance:petStoreTest.DataDrivenApproach@563e4951]" started-at="2022-04-16T19:25:13Z" name="getAPIpetStatus" data-provider="testing" finished-at="2022-04-16T19:25:15Z" duration-ms="2609" status="PASS">
          <params>
            <param index="0">
              <value>
                <![CDATA[available]]>
              </value>
            </param>
          </params>
          <reporter-output>
          </reporter-output>
        </test-method> <!-- getAPIpetStatus -->
        <test-method signature="getAPIpetStatus(java.lang.String)[pri:0, instance:petStoreTest.DataDrivenApproach@563e4951]" started-at="2022-04-16T19:25:15Z" name="getAPIpetStatus" data-provider="testing" finished-at="2022-04-16T19:25:17Z" duration-ms="1483" status="PASS">
          <params>
            <param index="0">
              <value>
                <![CDATA[pending]]>
              </value>
            </param>
          </params>
          <reporter-output>
          </reporter-output>
        </test-method> <!-- getAPIpetStatus -->
        <test-method signature="getAPIpetStatus(java.lang.String)[pri:0, instance:petStoreTest.DataDrivenApproach@563e4951]" started-at="2022-04-16T19:25:17Z" name="getAPIpetStatus" data-provider="testing" finished-at="2022-04-16T19:25:18Z" duration-ms="1392" status="PASS">
          <params>
            <param index="0">
              <value>
                <![CDATA[sold]]>
              </value>
            </param>
          </params>
          <reporter-output>
          </reporter-output>
        </test-method> <!-- getAPIpetStatus -->
      </class> <!-- petStoreTest.DataDrivenApproach -->
    </test> <!-- Default test -->
  </suite> <!-- Default suite -->
</testng-results>
